10:30:47.376
************************* ARQ session stats with G8BPQ-2  2 minutes ****************************
     LeaderDetects= 36   AvgLeader S+N:N(3KHz noise BW)= 20.746349 dB  LeaderSyncs= 36
     AvgCorrelationMax:MaxProd= 60.447758 over 36  correlations
     FrameSyncs=36  Good Frame Type Decodes=35  Failed Frame Type Decodes =1
     Avg Frame Type decode distance= 0.003026 over 33 decodes
 
  FSK:
     Good FSK Data Frame Decodes= 1  RecoveredFSKCarriers with Summation=0  Failed FSK Data Frame Decodes=0
     AccumFSKTracking= 0   over 12 symbols   Good Data Frame Decodes= 1   Failed Data Frame Decodes=0
 
  PSK:
     Good PSK Data Frame Decodes=6  RecoveredPSKCarriers with Summation=0  Failed PSK Data Frame Decodes=0
     AccumPSKTracking=0  0 attempts over 15776 total PSK Symbols
 
 
  QAM:
     Good QAM Data Frame Decodes=5  RecoveredQAMCarriers with Summation=0  Failed QAM Data Frame Decodes=0
     AccumQAMTracking=0  0 attempts over 15600 total QAM Symbols
 
  Squelch= 5 BusyDet= 5 Mode Shift UPs= 0   Mode Shift DOWNs= 0  Link Turnovers= 4
 
  Received Frame Quality:
     Avg 4FSK Quality=99 on 24 frame(s)
     Avg 4PSK Quality=86 on 4 frame(s)
     Avg 8PSK Quality=73 on 2 frame(s)
     Avg QAM Quality=59 on 5 frame(s)

Type              ACKS  NAKS
4FSK.500.100S.E      0     0
4FSK.500.100.E       0     0
4PSK.500.100.E       0     0
4PSK.1000.100.E      2     0
4PSK.2000.100.E      0     0
8PSK.2000.100.E      0     0
16QAM.2000.100.E     0     0
************************************************************************************************
10:34:20.385
************************* ARQ session stats with G8BPQ-2  2 minutes ****************************
     LeaderDetects= 30   AvgLeader S+N:N(3KHz noise BW)= 21.081927 dB  LeaderSyncs= 30
     AvgCorrelationMax:MaxProd= 60.434151 over 30  correlations
     FrameSyncs=30  Good Frame Type Decodes=29  Failed Frame Type Decodes =1
     Avg Frame Type decode distance= 0.002643 over 27 decodes
 
  FSK:
     Good FSK Data Frame Decodes= 1  RecoveredFSKCarriers with Summation=0  Failed FSK Data Frame Decodes=0
     AccumFSKTracking= 0   over 12 symbols   Good Data Frame Decodes= 1   Failed Data Frame Decodes=0
 
  PSK:
     Good PSK Data Frame Decodes=9  RecoveredPSKCarriers with Summation=0  Failed PSK Data Frame Decodes=0
     AccumPSKTracking=0  0 attempts over 22112 total PSK Symbols
 
 
  QAM:
     Good QAM Data Frame Decodes=4  RecoveredQAMCarriers with Summation=0  Failed QAM Data Frame Decodes=0
     AccumQAMTracking=0  0 attempts over 12480 total QAM Symbols
 
  Squelch= 5 BusyDet= 5 Mode Shift UPs= 0   Mode Shift DOWNs= 0  Link Turnovers= 4
 
  Received Frame Quality:
     Avg 4FSK Quality=99 on 16 frame(s)
     Avg 4PSK Quality=86 on 7 frame(s)
     Avg 8PSK Quality=70 on 2 frame(s)
     Avg QAM Quality=60 on 4 frame(s)

Type              ACKS  NAKS
4FSK.500.100S.E      0     0
4FSK.500.100.E       0     0
4PSK.500.100.E       0     0
4PSK.1000.100.E      2     0
4PSK.2000.100.E      0     0
8PSK.2000.100.E      0     0
16QAM.2000.100.E     0     0
************************************************************************************************
